<?xml version="1.0" encoding="UTF-8"?>
<!-- Generated by org.testng.reporters.JUnitReportReporter -->
<testsuite skipped="2" hostname="MYUKSEKKAYA" name="testRunners.testNGRunner" tests="2" failures="0" timestamp="26 Ara 2020 14:27:58 GMT" time="0.000" errors="0">
  <testcase name="scenario" time="0.000" classname="testRunners.testNGRunner">
    <skipped/>
  </testcase> <!-- scenario -->
  <testcase name="runScenario" time="0.000" classname="testRunners.testNGRunner">
    <skipped/>
  </testcase> <!-- runScenario -->
</testsuite> <!-- testRunners.testNGRunner -->
