<?xml version="1.0" encoding="UTF-8"?>
<!-- Generated by org.testng.reporters.JUnitReportReporter -->
<testsuite skipped="0" hostname="MYUKSEKKAYA" name="testRunners.MyTestRunner" tests="7" failures="0" timestamp="26 Ara 2020 14:30:05 GMT" time="191.679" errors="0">
  <testcase name="runScenario" time="21.595" classname="testRunners.MyTestRunner"/>
  <testcase name="runScenario" time="28.372" classname="testRunners.MyTestRunner"/>
  <testcase name="runScenario" time="28.340" classname="testRunners.MyTestRunner"/>
  <testcase name="runScenario" time="28.367" classname="testRunners.MyTestRunner"/>
  <testcase name="runScenario" time="28.339" classname="testRunners.MyTestRunner"/>
  <testcase name="runScenario" time="28.360" classname="testRunners.MyTestRunner"/>
  <testcase name="runScenario" time="28.306" classname="testRunners.MyTestRunner"/>
</testsuite> <!-- testRunners.MyTestRunner -->
